# JRE version: Java(TM) SE Runtime Environment (8.0-b132) (build 1.8.0-b132)
# Java VM: Java HotSpot(TM) 64-Bit Server VM (25.0-b70 mixed mode windows-amd64 compressed oops)
Heap:
 PSYoungGen      total 238592K, used 144003K [0x00000000eab00000, 0x00000000fd180000, 0x0000000100000000)
  eden space 201728K, 71% used [0x00000000eab00000,0x00000000f37a0dd8,0x00000000f7000000)
  from space 36864K, 0% used [0x00000000f7000000,0x00000000f7000000,0x00000000f9400000)
  to   space 45056K, 0% used [0x00000000fa580000,0x00000000fa580000,0x00000000fd180000)
 ParOldGen       total 247296K, used 220159K [0x00000000c0000000, 0x00000000cf180000, 0x00000000eab00000)
  object space 247296K, 89% used [0x00000000c0000000,0x00000000cd6ffc70,0x00000000cf180000)
 Metaspace       used 6576K, capacity 7416K, committed 7680K, reserved 1056768K
  class space    used 634K, capacity 688K, committed 768K, reserved 1048576K
GC Heap History (10 events):
Event: 24.127 GC heap before
{Heap before GC invocations=29 (full 3):
 PSYoungGen      total 233472K, used 31089K [0x00000000eab00000, 0x00000000fb800000, 0x0000000100000000)
  eden space 201728K, 0% used [0x00000000eab00000,0x00000000eab00000,0x00000000f7000000)
  from space 31744K, 97% used [0x00000000f9800000,0x00000000fb65c7b0,0x00000000fb700000)
  to   space 36864K, 0% used [0x00000000f7000000,0x00000000f7000000,0x00000000f9400000)
 ParOldGen       total 156672K, used 139648K [0x00000000c0000000, 0x00000000c9900000, 0x00000000eab00000)
  object space 156672K, 89% used [0x00000000c0000000,0x00000000c8860060,0x00000000c9900000)
 Metaspace       used 6183K, capacity 7096K, committed 7296K, reserved 1056768K
  class space    used 612K, capacity 624K, committed 640K, reserved 1048576K
Event: 26.470 GC heap after
Heap after GC invocations=29 (full 3):
 PSYoungGen      total 233472K, used 11951K [0x00000000eab00000, 0x00000000fb800000, 0x0000000100000000)
  eden space 201728K, 0% used [0x00000000eab00000,0x00000000eab00000,0x00000000f7000000)
  from space 31744K, 37% used [0x00000000f9800000,0x00000000fa3abf48,0x00000000fb700000)
  to   space 36864K, 0% used [0x00000000f7000000,0x00000000f7000000,0x00000000f9400000)
 ParOldGen       total 179200K, used 156512K [0x00000000c0000000, 0x00000000caf00000, 0x00000000eab00000)
  object space 179200K, 87% used [0x00000000c0000000,0x00000000c98d83e8,0x00000000caf00000)
 Metaspace       used 6183K, capacity 7096K, committed 7296K, reserved 1056768K
  class space    used 612K, capacity 624K, committed 640K, reserved 1048576K
}
Event: 28.470 GC heap before
{Heap before GC invocations=30 (full 3):
 PSYoungGen      total 233472K, used 213679K [0x00000000eab00000, 0x00000000fb800000, 0x0000000100000000)
  eden space 201728K, 100% used [0x00000000eab00000,0x00000000f7000000,0x00000000f7000000)
  from space 31744K, 37% used [0x00000000f9800000,0x00000000fa3abf48,0x00000000fb700000)
  to   space 36864K, 0% used [0x00000000f7000000,0x00000000f7000000,0x00000000f9400000)
 ParOldGen       total 179200K, used 156512K [0x00000000c0000000, 0x00000000caf00000, 0x00000000eab00000)
  object space 179200K, 87% used [0x00000000c0000000,0x00000000c98d83e8,0x00000000caf00000)
 Metaspace       used 6185K, capacity 7096K, committed 7296K, reserved 1056768K
  class space    used 612K, capacity 624K, committed 640K, reserved 1048576K
Event: 28.694 GC heap after
Heap after GC invocations=30 (full 3):
 PSYoungGen      total 238592K, used 36836K [0x00000000eab00000, 0x00000000fd180000, 0x0000000100000000)
  eden space 201728K, 0% used [0x00000000eab00000,0x00000000eab00000,0x00000000f7000000)
  from space 36864K, 99% used [0x00000000f7000000,0x00000000f93f92b8,0x00000000f9400000)
  to   space 45056K, 0% used [0x00000000fa580000,0x00000000fa580000,0x00000000fd180000)
 ParOldGen       total 179200K, used 160527K [0x00000000c0000000, 0x00000000caf00000, 0x00000000eab00000)
  object space 179200K, 89% used [0x00000000c0000000,0x00000000c9cc3cc8,0x00000000caf00000)
 Metaspace       used 6185K, capacity 7096K, committed 7296K, reserved 1056768K
  class space    used 612K, capacity 624K, committed 640K, reserved 1048576K
}
Event: 35.272 GC heap before
{Heap before GC invocations=31 (full 3):
 PSYoungGen      total 238592K, used 238564K [0x00000000eab00000, 0x00000000fd180000, 0x0000000100000000)
  eden space 201728K, 100% used [0x00000000eab00000,0x00000000f7000000,0x00000000f7000000)
  from space 36864K, 99% used [0x00000000f7000000,0x00000000f93f92b8,0x00000000f9400000)
  to   space 45056K, 0% used [0x00000000fa580000,0x00000000fa580000,0x00000000fd180000)
 ParOldGen       total 179200K, used 160527K [0x00000000c0000000, 0x00000000caf00000, 0x00000000eab00000)
  object space 179200K, 89% used [0x00000000c0000000,0x00000000c9cc3cc8,0x00000000caf00000)
 Metaspace       used 6190K, capacity 7096K, committed 7296K, reserved 1056768K
  class space    used 612K, capacity 624K, committed 640K, reserved 1048576K
Event: 35.628 GC heap after
Heap after GC invocations=31 (full 3):
 PSYoungGen      total 238592K, used 238564K [0x00000000eab00000, 0x00000000fd180000, 0x0000000100000000)
  eden space 201728K, 100% used [0x00000000eab00000,0x00000000f7000000,0x00000000f7000000)
  from space 36864K, 99% used [0x00000000f7000000,0x00000000f93f92b8,0x00000000f9400000)
  to   space 45056K, 71% used [0x00000000fa580000,0x00000000fc521ae0,0x00000000fd180000)
 ParOldGen       total 195584K, used 195249K [0x00000000c0000000, 0x00000000cbf00000, 0x00000000eab00000)
  object space 195584K, 99% used [0x00000000c0000000,0x00000000cbeac608,0x00000000cbf00000)
 Metaspace       used 6190K, capacity 7096K, committed 7296K, reserved 1056768K
  class space    used 612K, capacity 624K, committed 640K, reserved 1048576K
}
Event: 35.628 GC heap before
{Heap before GC invocations=32 (full 4):
 PSYoungGen      total 238592K, used 238564K [0x00000000eab00000, 0x00000000fd180000, 0x0000000100000000)
  eden space 201728K, 100% used [0x00000000eab00000,0x00000000f7000000,0x00000000f7000000)
  from space 36864K, 99% used [0x00000000f7000000,0x00000000f93f92b8,0x00000000f9400000)
  to   space 45056K, 71% used [0x00000000fa580000,0x00000000fc521ae0,0x00000000fd180000)
 ParOldGen       total 195584K, used 195249K [0x00000000c0000000, 0x00000000cbf00000, 0x00000000eab00000)
  object space 195584K, 99% used [0x00000000c0000000,0x00000000cbeac608,0x00000000cbf00000)
 Metaspace       used 6190K, capacity 7096K, committed 7296K, reserved 1056768K
  class space    used 612K, capacity 624K, committed 640K, reserved 1048576K
Event: 38.384 GC heap after
Heap after GC invocations=32 (full 4):
 PSYoungGen      total 238592K, used 0K [0x00000000eab00000, 0x00000000fd180000, 0x0000000100000000)
  eden space 201728K, 0% used [0x00000000eab00000,0x00000000eab00000,0x00000000f7000000)
  from space 36864K, 0% used [0x00000000f7000000,0x00000000f7000000,0x00000000f9400000)
  to   space 45056K, 71% used [0x00000000fa580000,0x00000000fc4ef2b0,0x00000000fd180000)
 ParOldGen       total 220160K, used 195581K [0x00000000c0000000, 0x00000000cd700000, 0x00000000eab00000)
  object space 220160K, 88% used [0x00000000c0000000,0x00000000cbeff570,0x00000000cd700000)
 Metaspace       used 6190K, capacity 7096K, committed 7296K, reserved 1056768K
  class space    used 612K, capacity 624K, committed 640K, reserved 1048576K
}
Event: 47.185 GC heap before
{Heap before GC invocations=33 (full 5):
 PSYoungGen      total 238592K, used 201728K [0x00000000eab00000, 0x00000000fd180000, 0x0000000100000000)
  eden space 201728K, 100% used [0x00000000eab00000,0x00000000f7000000,0x00000000f7000000)
  from space 36864K, 0% used [0x00000000f7000000,0x00000000f7000000,0x00000000f9400000)
  to   space 45056K, 71% used [0x00000000fa580000,0x00000000fc4ef2b0,0x00000000fd180000)
 ParOldGen       total 220160K, used 195581K [0x00000000c0000000, 0x00000000cd700000, 0x00000000eab00000)
  object space 220160K, 88% used [0x00000000c0000000,0x00000000cbeff570,0x00000000cd700000)
 Metaspace       used 6206K, capacity 7096K, committed 7296K, reserved 1056768K
  class space    used 613K, capacity 624K, committed 640K, reserved 1048576K
Event: 50.010 GC heap after
Heap after GC invocations=33 (full 5):
 PSYoungGen      total 238592K, used 37982K [0x00000000eab00000, 0x00000000fd180000, 0x0000000100000000)
  eden space 201728K, 18% used [0x00000000eab00000,0x00000000ed017ad8,0x00000000f7000000)
  from space 36864K, 0% used [0x00000000f7000000,0x00000000f7000000,0x00000000f9400000)
  to   space 45056K, 0% used [0x00000000fa580000,0x00000000fa580000,0x00000000fd180000)
 ParOldGen       total 247296K, used 220159K [0x00000000c0000000, 0x00000000cf180000, 0x00000000eab00000)
  object space 247296K, 89% used [0x00000000c0000000,0x00000000cd6ffc70,0x00000000cf180000)
 Metaspace       used 6206K, capacity 7096K, committed 7296K, reserved 1056768K
  class space    used 613K, capacity 624K, committed 640K, reserved 1048576K
}

