# JRE version: Java(TM) SE Runtime Environment (8.0-b132) (build 1.8.0-b132)
# Java VM: Java HotSpot(TM) 64-Bit Server VM (25.0-b70 mixed mode windows-amd64 compressed oops)
Heap:
 PSYoungGen      total 229888K, used 22424K [0x00000000eab00000, 0x00000000fcf80000, 0x0000000100000000)
  eden space 175104K, 12% used [0x00000000eab00000,0x00000000ec0e63d0,0x00000000f5600000)
  from space 54784K, 0% used [0x00000000f5600000,0x00000000f5600000,0x00000000f8b80000)
  to   space 57856K, 0% used [0x00000000f9700000,0x00000000f9700000,0x00000000fcf80000)
 ParOldGen       total 193024K, used 152866K [0x00000000c0000000, 0x00000000cbc80000, 0x00000000eab00000)
  object space 193024K, 79% used [0x00000000c0000000,0x00000000c9548b10,0x00000000cbc80000)
 Metaspace       used 6942K, capacity 7576K, committed 7680K, reserved 1056768K
  class space    used 667K, capacity 720K, committed 768K, reserved 1048576K
GC Heap History (10 events):
Event: 24.366 GC heap before
{Heap before GC invocations=34 (full 3):
 PSYoungGen      total 207872K, used 185766K [0x00000000eab00000, 0x00000000f9c00000, 0x0000000100000000)
  eden space 178176K, 100% used [0x00000000eab00000,0x00000000f5900000,0x00000000f5900000)
  from space 29696K, 25% used [0x00000000f7f00000,0x00000000f8669a90,0x00000000f9c00000)
  to   space 34304K, 0% used [0x00000000f5900000,0x00000000f5900000,0x00000000f7a80000)
 ParOldGen       total 184832K, used 161561K [0x00000000c0000000, 0x00000000cb480000, 0x00000000eab00000)
  object space 184832K, 87% used [0x00000000c0000000,0x00000000c9dc6490,0x00000000cb480000)
 Metaspace       used 6206K, capacity 7096K, committed 7296K, reserved 1056768K
  class space    used 613K, capacity 624K, committed 640K, reserved 1048576K
Event: 24.550 GC heap after
Heap after GC invocations=34 (full 3):
 PSYoungGen      total 212480K, used 34296K [0x00000000eab00000, 0x00000000fb280000, 0x0000000100000000)
  eden space 178176K, 0% used [0x00000000eab00000,0x00000000eab00000,0x00000000f5900000)
  from space 34304K, 99% used [0x00000000f5900000,0x00000000f7a7e3b8,0x00000000f7a80000)
  to   space 39936K, 0% used [0x00000000f8b80000,0x00000000f8b80000,0x00000000fb280000)
 ParOldGen       total 184832K, used 161561K [0x00000000c0000000, 0x00000000cb480000, 0x00000000eab00000)
  object space 184832K, 87% used [0x00000000c0000000,0x00000000c9dc6490,0x00000000cb480000)
 Metaspace       used 6206K, capacity 7096K, committed 7296K, reserved 1056768K
  class space    used 613K, capacity 624K, committed 640K, reserved 1048576K
}
Event: 25.980 GC heap before
{Heap before GC invocations=35 (full 3):
 PSYoungGen      total 212480K, used 212472K [0x00000000eab00000, 0x00000000fb280000, 0x0000000100000000)
  eden space 178176K, 100% used [0x00000000eab00000,0x00000000f5900000,0x00000000f5900000)
  from space 34304K, 99% used [0x00000000f5900000,0x00000000f7a7e3b8,0x00000000f7a80000)
  to   space 39936K, 0% used [0x00000000f8b80000,0x00000000f8b80000,0x00000000fb280000)
 ParOldGen       total 184832K, used 161561K [0x00000000c0000000, 0x00000000cb480000, 0x00000000eab00000)
  object space 184832K, 87% used [0x00000000c0000000,0x00000000c9dc6490,0x00000000cb480000)
 Metaspace       used 6212K, capacity 7096K, committed 7296K, reserved 1056768K
  class space    used 613K, capacity 624K, committed 640K, reserved 1048576K
Event: 26.151 GC heap after
Heap after GC invocations=35 (full 3):
 PSYoungGen      total 215040K, used 39934K [0x00000000eab00000, 0x00000000fd000000, 0x0000000100000000)
  eden space 175104K, 0% used [0x00000000eab00000,0x00000000eab00000,0x00000000f5600000)
  from space 39936K, 99% used [0x00000000f8b80000,0x00000000fb27fa30,0x00000000fb280000)
  to   space 54784K, 0% used [0x00000000f5600000,0x00000000f5600000,0x00000000f8b80000)
 ParOldGen       total 184832K, used 182661K [0x00000000c0000000, 0x00000000cb480000, 0x00000000eab00000)
  object space 184832K, 98% used [0x00000000c0000000,0x00000000cb261618,0x00000000cb480000)
 Metaspace       used 6212K, capacity 7096K, committed 7296K, reserved 1056768K
  class space    used 613K, capacity 624K, committed 640K, reserved 1048576K
}
Event: 26.151 GC heap before
{Heap before GC invocations=36 (full 4):
 PSYoungGen      total 215040K, used 39934K [0x00000000eab00000, 0x00000000fd000000, 0x0000000100000000)
  eden space 175104K, 0% used [0x00000000eab00000,0x00000000eab00000,0x00000000f5600000)
  from space 39936K, 99% used [0x00000000f8b80000,0x00000000fb27fa30,0x00000000fb280000)
  to   space 54784K, 0% used [0x00000000f5600000,0x00000000f5600000,0x00000000f8b80000)
 ParOldGen       total 184832K, used 182661K [0x00000000c0000000, 0x00000000cb480000, 0x00000000eab00000)
  object space 184832K, 98% used [0x00000000c0000000,0x00000000cb261618,0x00000000cb480000)
 Metaspace       used 6212K, capacity 7096K, committed 7296K, reserved 1056768K
  class space    used 613K, capacity 624K, committed 640K, reserved 1048576K
Event: 28.837 GC heap after
Heap after GC invocations=36 (full 4):
 PSYoungGen      total 215040K, used 37286K [0x00000000eab00000, 0x00000000fd000000, 0x0000000100000000)
  eden space 175104K, 0% used [0x00000000eab00000,0x00000000eab00000,0x00000000f5600000)
  from space 39936K, 93% used [0x00000000f8b80000,0x00000000fafe9978,0x00000000fb280000)
  to   space 54784K, 0% used [0x00000000f5600000,0x00000000f5600000,0x00000000f8b80000)
 ParOldGen       total 213504K, used 184628K [0x00000000c0000000, 0x00000000cd080000, 0x00000000eab00000)
  object space 213504K, 86% used [0x00000000c0000000,0x00000000cb44d150,0x00000000cd080000)
 Metaspace       used 6212K, capacity 7096K, committed 7296K, reserved 1056768K
  class space    used 613K, capacity 624K, committed 640K, reserved 1048576K
}
Event: 30.118 GC heap before
{Heap before GC invocations=37 (full 4):
 PSYoungGen      total 215040K, used 212390K [0x00000000eab00000, 0x00000000fd000000, 0x0000000100000000)
  eden space 175104K, 100% used [0x00000000eab00000,0x00000000f5600000,0x00000000f5600000)
  from space 39936K, 93% used [0x00000000f8b80000,0x00000000fafe9978,0x00000000fb280000)
  to   space 54784K, 0% used [0x00000000f5600000,0x00000000f5600000,0x00000000f8b80000)
 ParOldGen       total 213504K, used 184628K [0x00000000c0000000, 0x00000000cd080000, 0x00000000eab00000)
  object space 213504K, 86% used [0x00000000c0000000,0x00000000cb44d150,0x00000000cd080000)
 Metaspace       used 6224K, capacity 7096K, committed 7296K, reserved 1056768K
  class space    used 613K, capacity 624K, committed 640K, reserved 1048576K
Event: 30.442 GC heap after
Heap after GC invocations=37 (full 4):
 PSYoungGen      total 229888K, used 37753K [0x00000000eab00000, 0x00000000fcf80000, 0x0000000100000000)
  eden space 175104K, 0% used [0x00000000eab00000,0x00000000eab00000,0x00000000f5600000)
  from space 54784K, 68% used [0x00000000f5600000,0x00000000f7ade4c8,0x00000000f8b80000)
  to   space 57856K, 0% used [0x00000000f9700000,0x00000000f9700000,0x00000000fcf80000)
 ParOldGen       total 213504K, used 212212K [0x00000000c0000000, 0x00000000cd080000, 0x00000000eab00000)
  object space 213504K, 99% used [0x00000000c0000000,0x00000000ccf3d1b8,0x00000000cd080000)
 Metaspace       used 6224K, capacity 7096K, committed 7296K, reserved 1056768K
  class space    used 613K, capacity 624K, committed 640K, reserved 1048576K
}
Event: 30.442 GC heap before
{Heap before GC invocations=38 (full 5):
 PSYoungGen      total 229888K, used 37753K [0x00000000eab00000, 0x00000000fcf80000, 0x0000000100000000)
  eden space 175104K, 0% used [0x00000000eab00000,0x00000000eab00000,0x00000000f5600000)
  from space 54784K, 68% used [0x00000000f5600000,0x00000000f7ade4c8,0x00000000f8b80000)
  to   space 57856K, 0% used [0x00000000f9700000,0x00000000f9700000,0x00000000fcf80000)
 ParOldGen       total 213504K, used 212212K [0x00000000c0000000, 0x00000000cd080000, 0x00000000eab00000)
  object space 213504K, 99% used [0x00000000c0000000,0x00000000ccf3d1b8,0x00000000cd080000)
 Metaspace       used 6224K, capacity 7096K, committed 7296K, reserved 1056768K
  class space    used 613K, capacity 624K, committed 640K, reserved 1048576K
Event: 33.074 GC heap after
Heap after GC invocations=38 (full 5):
 PSYoungGen      total 229888K, used 35012K [0x00000000eab00000, 0x00000000fcf80000, 0x0000000100000000)
  eden space 175104K, 0% used [0x00000000eab00000,0x00000000eab00000,0x00000000f5600000)
  from space 54784K, 63% used [0x00000000f5600000,0x00000000f7831380,0x00000000f8b80000)
  to   space 57856K, 0% used [0x00000000f9700000,0x00000000f9700000,0x00000000fcf80000)
 ParOldGen       total 213504K, used 213470K [0x00000000c0000000, 0x00000000cd080000, 0x00000000eab00000)
  object space 213504K, 99% used [0x00000000c0000000,0x00000000cd077ad8,0x00000000cd080000)
 Metaspace       used 6224K, capacity 7096K, committed 7296K, reserved 1056768K
  class space    used 613K, capacity 624K, committed 640K, reserved 1048576K
}

